<?xml version="1.0" encoding="UTF-8"?>
<!-- Generated by org.testng.reporters.JUnitReportReporter -->
<testsuite hostname="QT-INBG-LT0175" failures="0" tests="1" name="Activity.ActivityPageTest" time="10.790" errors="0" timestamp="2021-03-24T18:12:09 IST" skipped="0">
  <testcase classname="Activity.ActivityPageTest" name="NameInLeftSide" time="10.790"/>
  <system-out/>
</testsuite> <!-- Activity.ActivityPageTest -->
