<?xml version="1.0" encoding="UTF-8"?>
<!-- Generated by org.testng.reporters.JUnitReportReporter -->
<testsuite hostname="QT-INBG-LT0175" failures="0" tests="1" name="Verification_Login.Color_Verify" time="8.524" errors="0" timestamp="2021-03-26T12:59:29 IST" skipped="0">
  <testcase classname="Verification_Login.Color_Verify" name="color" time="8.524"/>
  <system-out/>
</testsuite> <!-- Verification_Login.Color_Verify -->
