<?xml version="1.0" encoding="UTF-8"?>
<!-- Generated by org.testng.reporters.JUnitReportReporter -->
<testsuite hostname="QT-INBG-LT0175" failures="0" tests="1" name="Verification_Login.forwardBack" time="26.573" errors="0" timestamp="2021-03-26T13:01:33 IST" skipped="0">
  <testcase classname="Verification_Login.forwardBack" name="login" time="26.573"/>
  <system-out/>
</testsuite> <!-- Verification_Login.forwardBack -->
