<?xml version="1.0" encoding="UTF-8"?>
<!-- Generated by org.testng.reporters.JUnitReportReporter -->
<testsuite hostname="QT-INBG-LT0175" failures="0" tests="1" name="Verification_Login.Display_Test" time="6.164" errors="0" timestamp="2021-03-25T09:45:41 IST" skipped="0">
  <testcase classname="Verification_Login.Display_Test" name="display" time="6.164"/>
  <system-out/>
</testsuite> <!-- Verification_Login.Display_Test -->
