<?xml version="1.0" encoding="UTF-8"?>
<!-- Generated by org.testng.reporters.JUnitReportReporter -->
<testsuite hostname="QT-INBG-LT0175" failures="0" tests="1" name="others.kudocountTest" time="12.660" errors="0" timestamp="2021-03-24T18:07:35 IST" skipped="0">
  <testcase classname="others.kudocountTest" name="testcase" time="12.660"/>
  <system-out/>
</testsuite> <!-- others.kudocountTest -->
