<?xml version="1.0" encoding="UTF-8"?>
<!-- Generated by org.testng.reporters.JUnitReportReporter -->
<testsuite hostname="QT-INBG-LT0175" failures="0" tests="1" name="Sendkudos.WithoutCitation" time="20.298" errors="0" timestamp="2021-03-25T10:53:11 IST" skipped="0">
  <testcase classname="Sendkudos.WithoutCitation" name="sendkudo" time="20.298"/>
  <system-out/>
</testsuite> <!-- Sendkudos.WithoutCitation -->
