<?xml version="1.0" encoding="UTF-8"?>
<!-- Generated by org.testng.reporters.JUnitReportReporter -->
<testsuite hostname="QT-INBG-LT0175" failures="0" tests="1" name="others.kudosTOMyself" time="14.757" errors="0" timestamp="2021-03-24T18:03:46 IST" skipped="0">
  <testcase classname="others.kudosTOMyself" name="sendkudo" time="14.757"/>
  <system-out/>
</testsuite> <!-- others.kudosTOMyself -->
