<?xml version="1.0" encoding="UTF-8"?>
<!-- Generated by org.testng.reporters.JUnitReportReporter -->
<testsuite hostname="QT-INBG-LT0175" failures="0" tests="1" name="others.Recent_Contacts" time="26.740" errors="0" timestamp="2021-03-23T18:36:41 IST" skipped="0">
  <testcase classname="others.Recent_Contacts" name="sk" time="26.740"/>
  <system-out/>
</testsuite> <!-- others.Recent_Contacts -->
