<?xml version="1.0" encoding="UTF-8"?>
<!-- Generated by org.testng.reporters.JUnitReportReporter -->
<testsuite hostname="QT-INBG-LT0175" failures="0" tests="1" name="Integration.Recent_Contacts1" time="14.850" errors="0" timestamp="2021-03-24T19:26:21 IST" skipped="0">
  <testcase classname="Integration.Recent_Contacts1" name="sk" time="14.850"/>
  <system-out/>
</testsuite> <!-- Integration.Recent_Contacts1 -->
