<?xml version="1.0" encoding="UTF-8"?>
<!-- Generated by org.testng.reporters.JUnitReportReporter -->
<testsuite hostname="QT-INBG-LT0175" failures="0" tests="1" name="Sendkudos.selectkudoSingleTest" time="24.523" errors="0" timestamp="2021-03-26T13:02:46 IST" skipped="0">
  <testcase classname="Sendkudos.selectkudoSingleTest" name="sendkudo" time="24.523"/>
  <system-out/>
</testsuite> <!-- Sendkudos.selectkudoSingleTest -->
