<?xml version="1.0" encoding="UTF-8"?>
<!-- Generated by org.testng.reporters.JUnitReportReporter -->
<testsuite hostname="QT-INBG-LT0175" failures="0" tests="1" name="Sendkudos.Recent_Contacts" time="10.462" errors="0" timestamp="2021-03-25T10:50:24 IST" skipped="0">
  <testcase classname="Sendkudos.Recent_Contacts" name="sk" time="10.462"/>
  <system-out/>
</testsuite> <!-- Sendkudos.Recent_Contacts -->
