<?xml version="1.0" encoding="UTF-8"?>
<!-- Generated by org.testng.reporters.JUnitReportReporter -->
<testsuite hostname="QT-INBG-LT0175" failures="0" tests="1" name="SendKudotest.Activity_option" time="13.685" errors="0" timestamp="2021-03-23T17:37:00 IST" skipped="0">
  <testcase classname="SendKudotest.Activity_option" name="activity" time="13.685"/>
  <system-out/>
</testsuite> <!-- SendKudotest.Activity_option -->
