<?xml version="1.0" encoding="UTF-8"?>
<!-- Generated by org.testng.reporters.JUnitReportReporter -->
<testsuite hostname="QT-INBG-LT0175" failures="0" tests="1" name="KudosSearch.KudosSearchTest" time="15.446" errors="0" timestamp="2021-03-25T09:49:36 IST" skipped="0">
  <testcase classname="KudosSearch.KudosSearchTest" name="active1" time="15.446"/>
  <system-out/>
</testsuite> <!-- KudosSearch.KudosSearchTest -->
