<?xml version="1.0" encoding="UTF-8"?>
<!-- Generated by org.testng.reporters.JUnitReportReporter -->
<testsuite hostname="QT-INBG-LT0175" failures="0" tests="1" name="SendKudotest.Kudostome" time="15.277" errors="0" timestamp="2021-03-23T17:07:18 IST" skipped="0">
  <testcase classname="SendKudotest.Kudostome" name="kudostome" time="15.277"/>
  <system-out/>
</testsuite> <!-- SendKudotest.Kudostome -->
