<?xml version="1.0" encoding="UTF-8"?>
<!-- Generated by org.testng.reporters.JUnitReportReporter -->
<testsuite hostname="QT-INBG-LT0175" failures="0" tests="1" name="others.Kudostome" time="17.275" errors="0" timestamp="2021-03-24T18:06:00 IST" skipped="0">
  <testcase classname="others.Kudostome" name="kudostome" time="17.275"/>
  <system-out/>
</testsuite> <!-- others.Kudostome -->
