<?xml version="1.0" encoding="UTF-8"?>
<!-- Generated by org.testng.reporters.JUnitReportReporter -->
<testsuite hostname="QT-INBG-LT0175" failures="0" tests="2" name="TestCase.QtRecog" time="24.872" errors="0" timestamp="2021-03-22T14:18:32 IST" skipped="0">
  <testcase classname="TestCase.QtRecog" name="basepagenavigation" time="12.218"/>
  <system-out/>
  <testcase classname="TestCase.QtRecog" name="basepagenavigation" time="12.654"/>
  <system-out/>
</testsuite> <!-- TestCase.QtRecog -->
