<?xml version="1.0" encoding="UTF-8"?>
<!-- Generated by org.testng.reporters.JUnitReportReporter -->
<testsuite hostname="QT-INBG-LT0175" failures="0" tests="1" name="SendKudotest.sendkudosTest" time="31.391" errors="0" timestamp="2021-03-23T18:02:14 IST" skipped="0">
  <testcase classname="SendKudotest.sendkudosTest" name="sendkudo" time="31.391"/>
  <system-out/>
</testsuite> <!-- SendKudotest.sendkudosTest -->
