<?xml version="1.0" encoding="UTF-8"?>
<!-- Generated by org.testng.reporters.JUnitReportReporter -->
<testsuite hostname="QT-INBG-LT0175" failures="0" tests="1" name="Sendkudos.SelectDeselectKudo" time="21.239" errors="0" timestamp="2021-03-26T13:06:25 IST" skipped="0">
  <testcase classname="Sendkudos.SelectDeselectKudo" name="sendkudo" time="21.239"/>
  <system-out/>
</testsuite> <!-- Sendkudos.SelectDeselectKudo -->
