<?xml version="1.0" encoding="UTF-8"?>
<!-- Generated by org.testng.reporters.JUnitReportReporter -->
<testsuite hostname="QT-INBG-LT0175" failures="0" tests="1" name="Integration.selectkudoSingleTest1" time="16.836" errors="0" timestamp="2021-03-24T19:27:30 IST" skipped="0">
  <testcase classname="Integration.selectkudoSingleTest1" name="sendkudo" time="16.836"/>
  <system-out/>
</testsuite> <!-- Integration.selectkudoSingleTest1 -->
