<?xml version="1.0" encoding="UTF-8"?>
<!-- Generated by org.testng.reporters.JUnitReportReporter -->
<testsuite hostname="QT-INBG-LT0175" failures="0" tests="1" name="SendKudotest.KudosFromMe" time="16.905" errors="0" timestamp="2021-03-23T17:13:16 IST" skipped="0">
  <testcase classname="SendKudotest.KudosFromMe" name="kudofromme" time="16.905"/>
  <system-out/>
</testsuite> <!-- SendKudotest.KudosFromMe -->
